<?xml version="1.0" encoding="UTF-8"?>
<testsuite xmlns:xsi="http://www.w3.org/2001/XMLSchema-instance" xsi:noNamespaceSchemaLocation="https://maven.apache.org/surefire/maven-surefire-plugin/xsd/surefire-test-report.xsd" name="com.guoqiang.rxddataserver.AppTest" time="0.019" tests="1" errors="0" skipped="0" failures="0">
  <properties>
    <property name="user.variant" value=""/>
    <property name="java.vm.info" value="mixed mode"/>
    <property name="file.encoding.pkg" value="sun.io"/>
    <property name="file.encoding" value="GBK"/>
    <property name="java.specification.name" value="Java Platform API Specification"/>
    <property name="sun.os.patch.level" value=""/>
    <property name="user.dir" value="D:\我的项目\CapriciousShop\4代码\rxd-dataserver"/>
    <property name="line.separator" value="&#10;"/>
    <property name="java.home" value="E:\Program Files\Java\jdk1.7.0_80\jre"/>
    <property name="user.name" value="zgq"/>
    <property name="sun.boot.library.path" value="E:\Program Files\Java\jdk1.7.0_80\jre\bin"/>
    <property name="user.home" value="C:\Users\zgq"/>
    <property name="localRepository" value="E:\maven\mavenjars"/>
    <property name="sun.java.launcher" value="SUN_STANDARD"/>
    <property name="java.class.version" value="51.0"/>
    <property name="user.language" value="zh"/>
    <property name="java.vendor.url.bug" value="http://bugreport.sun.com/bugreport/"/>
    <property name="sun.jnu.encoding" value="GBK"/>
    <property name="java.io.tmpdir" value="C:\Users\zgq\AppData\Local\Temp\"/>
    <property name="java.specification.vendor" value="Oracle Corporation"/>
    <property name="file.separator" value="\"/>
    <property name="java.class.path" value="D:\我的项目\CapriciousShop\4代码\rxd-dataserver\target\test-classes;D:\我的项目\CapriciousShop\4代码\rxd-dataserver\target\classes;E:\maven\mavenjars\junit\junit\4.11\junit-4.11.jar;E:\maven\mavenjars\org\hamcrest\hamcrest-core\1.3\hamcrest-core-1.3.jar;E:\maven\mavenjars\org\springframework\boot\spring-boot-starter\1.5.9.RELEASE\spring-boot-starter-1.5.9.RELEASE.jar;E:\maven\mavenjars\org\springframework\boot\spring-boot\1.5.9.RELEASE\spring-boot-1.5.9.RELEASE.jar;E:\maven\mavenjars\org\springframework\spring-context\4.3.13.RELEASE\spring-context-4.3.13.RELEASE.jar;E:\maven\mavenjars\org\springframework\boot\spring-boot-autoconfigure\1.5.9.RELEASE\spring-boot-autoconfigure-1.5.9.RELEASE.jar;E:\maven\mavenjars\org\springframework\boot\spring-boot-starter-logging\1.5.9.RELEASE\spring-boot-starter-logging-1.5.9.RELEASE.jar;E:\maven\mavenjars\ch\qos\logback\logback-classic\1.1.11\logback-classic-1.1.11.jar;E:\maven\mavenjars\ch\qos\logback\logback-core\1.1.11\logback-core-1.1.11.jar;E:\maven\mavenjars\org\slf4j\jcl-over-slf4j\1.7.25\jcl-over-slf4j-1.7.25.jar;E:\maven\mavenjars\org\slf4j\jul-to-slf4j\1.7.25\jul-to-slf4j-1.7.25.jar;E:\maven\mavenjars\org\slf4j\log4j-over-slf4j\1.7.25\log4j-over-slf4j-1.7.25.jar;E:\maven\mavenjars\org\springframework\spring-core\4.3.13.RELEASE\spring-core-4.3.13.RELEASE.jar;E:\maven\mavenjars\org\yaml\snakeyaml\1.17\snakeyaml-1.17.jar;E:\maven\mavenjars\org\springframework\boot\spring-boot-starter-web\1.5.9.RELEASE\spring-boot-starter-web-1.5.9.RELEASE.jar;E:\maven\mavenjars\org\springframework\boot\spring-boot-starter-tomcat\1.5.9.RELEASE\spring-boot-starter-tomcat-1.5.9.RELEASE.jar;E:\maven\mavenjars\org\apache\tomcat\embed\tomcat-embed-core\8.5.23\tomcat-embed-core-8.5.23.jar;E:\maven\mavenjars\org\apache\tomcat\tomcat-annotations-api\8.5.23\tomcat-annotations-api-8.5.23.jar;E:\maven\mavenjars\org\apache\tomcat\embed\tomcat-embed-el\8.5.23\tomcat-embed-el-8.5.23.jar;E:\maven\mavenjars\org\apache\tomcat\embed\tomcat-embed-websocket\8.5.23\tomcat-embed-websocket-8.5.23.jar;E:\maven\mavenjars\org\hibernate\hibernate-validator\5.3.6.Final\hibernate-validator-5.3.6.Final.jar;E:\maven\mavenjars\javax\validation\validation-api\1.1.0.Final\validation-api-1.1.0.Final.jar;E:\maven\mavenjars\org\jboss\logging\jboss-logging\3.3.1.Final\jboss-logging-3.3.1.Final.jar;E:\maven\mavenjars\com\fasterxml\classmate\1.3.4\classmate-1.3.4.jar;E:\maven\mavenjars\com\fasterxml\jackson\core\jackson-databind\2.8.10\jackson-databind-2.8.10.jar;E:\maven\mavenjars\com\fasterxml\jackson\core\jackson-annotations\2.8.0\jackson-annotations-2.8.0.jar;E:\maven\mavenjars\com\fasterxml\jackson\core\jackson-core\2.8.10\jackson-core-2.8.10.jar;E:\maven\mavenjars\org\springframework\spring-web\4.3.13.RELEASE\spring-web-4.3.13.RELEASE.jar;E:\maven\mavenjars\org\springframework\spring-aop\4.3.13.RELEASE\spring-aop-4.3.13.RELEASE.jar;E:\maven\mavenjars\org\springframework\spring-beans\4.3.13.RELEASE\spring-beans-4.3.13.RELEASE.jar;E:\maven\mavenjars\org\springframework\spring-webmvc\4.3.13.RELEASE\spring-webmvc-4.3.13.RELEASE.jar;E:\maven\mavenjars\org\springframework\spring-expression\4.3.13.RELEASE\spring-expression-4.3.13.RELEASE.jar;E:\maven\mavenjars\org\springframework\boot\spring-boot-starter-test\1.5.9.RELEASE\spring-boot-starter-test-1.5.9.RELEASE.jar;E:\maven\mavenjars\org\springframework\boot\spring-boot-test\1.5.9.RELEASE\spring-boot-test-1.5.9.RELEASE.jar;E:\maven\mavenjars\org\springframework\boot\spring-boot-test-autoconfigure\1.5.9.RELEASE\spring-boot-test-autoconfigure-1.5.9.RELEASE.jar;E:\maven\mavenjars\com\jayway\jsonpath\json-path\2.2.0\json-path-2.2.0.jar;E:\maven\mavenjars\net\minidev\json-smart\2.2.1\json-smart-2.2.1.jar;E:\maven\mavenjars\net\minidev\accessors-smart\1.1\accessors-smart-1.1.jar;E:\maven\mavenjars\org\ow2\asm\asm\5.0.3\asm-5.0.3.jar;E:\maven\mavenjars\org\slf4j\slf4j-api\1.7.25\slf4j-api-1.7.25.jar;E:\maven\mavenjars\org\assertj\assertj-core\2.6.0\assertj-core-2.6.0.jar;E:\maven\mavenjars\org\mockito\mockito-core\1.10.19\mockito-core-1.10.19.jar;E:\maven\mavenjars\org\objenesis\objenesis\2.1\objenesis-2.1.jar;E:\maven\mavenjars\org\hamcrest\hamcrest-library\1.3\hamcrest-library-1.3.jar;E:\maven\mavenjars\org\skyscreamer\jsonassert\1.4.0\jsonassert-1.4.0.jar;E:\maven\mavenjars\com\vaadin\external\google\android-json\0.0.20131108.vaadin1\android-json-0.0.20131108.vaadin1.jar;E:\maven\mavenjars\org\springframework\spring-test\4.3.13.RELEASE\spring-test-4.3.13.RELEASE.jar;E:\maven\mavenjars\org\mybatis\mybatis\3.3.0\mybatis-3.3.0.jar;E:\maven\mavenjars\mysql\mysql-connector-java\5.1.29\mysql-connector-java-5.1.29.jar;E:\maven\mavenjars\com\guoqiang\common-lib\1.0\common-lib-1.0.jar;E:\maven\mavenjars\commons-httpclient\commons-httpclient\3.1\commons-httpclient-3.1.jar;E:\maven\mavenjars\commons-codec\commons-codec\1.10\commons-codec-1.10.jar;E:\maven\mavenjars\commons-logging\commons-logging\1.1.1\commons-logging-1.1.1.jar;E:\maven\mavenjars\commons-lang\commons-lang\2.6\commons-lang-2.6.jar;E:\maven\mavenjars\org\apache\commons\commons-lang3\3.1\commons-lang3-3.1.jar;E:\maven\mavenjars\dom4j\dom4j\1.6.1\dom4j-1.6.1.jar;E:\maven\mavenjars\log4j\log4j\1.2.17\log4j-1.2.17.jar;E:\maven\mavenjars\com\google\guava\guava\19.0\guava-19.0.jar;E:\maven\mavenjars\com\google\code\gson\gson\2.8.2\gson-2.8.2.jar;E:\maven\mavenjars\org\apache\poi\poi\3.14\poi-3.14.jar;E:\maven\mavenjars\org\apache\poi\poi-ooxml\3.14\poi-ooxml-3.14.jar;E:\maven\mavenjars\org\apache\poi\poi-ooxml-schemas\3.14\poi-ooxml-schemas-3.14.jar;E:\maven\mavenjars\org\apache\xmlbeans\xmlbeans\2.6.0\xmlbeans-2.6.0.jar;E:\maven\mavenjars\stax\stax-api\1.0.1\stax-api-1.0.1.jar;E:\maven\mavenjars\com\github\virtuald\curvesapi\1.03\curvesapi-1.03.jar;E:\maven\mavenjars\commons-beanutils\commons-beanutils\1.9.3\commons-beanutils-1.9.3.jar;E:\maven\mavenjars\commons-collections\commons-collections\3.2.2\commons-collections-3.2.2.jar;E:\maven\mavenjars\org\apache\ant\ant\1.9.4\ant-1.9.4.jar;E:\maven\mavenjars\org\apache\ant\ant-launcher\1.9.4\ant-launcher-1.9.4.jar;E:\maven\mavenjars\org\apache\shiro\shiro-core\1.2.1\shiro-core-1.2.1.jar;"/>
    <property name="java.vm.vendor" value="Oracle Corporation"/>
    <property name="sun.cpu.endian" value="little"/>
    <property name="java.vm.specification.vendor" value="Oracle Corporation"/>
    <property name="java.specification.version" value="1.7"/>
    <property name="user.script" value=""/>
    <property name="awt.toolkit" value="sun.awt.windows.WToolkit"/>
    <property name="sun.java.command" value="C:\Users\zgq\AppData\Local\Temp\surefire7904922799887793802\surefirebooter7139187059451510630.jar C:\Users\zgq\AppData\Local\Temp\surefire7904922799887793802 2018-06-23T23-58-34_687-jvmRun1 surefire2986454531759287223tmp surefire_08710799986050402226tmp"/>
    <property name="user.timezone" value=""/>
    <property name="surefire.test.class.path" value="D:\我的项目\CapriciousShop\4代码\rxd-dataserver\target\test-classes;D:\我的项目\CapriciousShop\4代码\rxd-dataserver\target\classes;E:\maven\mavenjars\junit\junit\4.11\junit-4.11.jar;E:\maven\mavenjars\org\hamcrest\hamcrest-core\1.3\hamcrest-core-1.3.jar;E:\maven\mavenjars\org\springframework\boot\spring-boot-starter\1.5.9.RELEASE\spring-boot-starter-1.5.9.RELEASE.jar;E:\maven\mavenjars\org\springframework\boot\spring-boot\1.5.9.RELEASE\spring-boot-1.5.9.RELEASE.jar;E:\maven\mavenjars\org\springframework\spring-context\4.3.13.RELEASE\spring-context-4.3.13.RELEASE.jar;E:\maven\mavenjars\org\springframework\boot\spring-boot-autoconfigure\1.5.9.RELEASE\spring-boot-autoconfigure-1.5.9.RELEASE.jar;E:\maven\mavenjars\org\springframework\boot\spring-boot-starter-logging\1.5.9.RELEASE\spring-boot-starter-logging-1.5.9.RELEASE.jar;E:\maven\mavenjars\ch\qos\logback\logback-classic\1.1.11\logback-classic-1.1.11.jar;E:\maven\mavenjars\ch\qos\logback\logback-core\1.1.11\logback-core-1.1.11.jar;E:\maven\mavenjars\org\slf4j\jcl-over-slf4j\1.7.25\jcl-over-slf4j-1.7.25.jar;E:\maven\mavenjars\org\slf4j\jul-to-slf4j\1.7.25\jul-to-slf4j-1.7.25.jar;E:\maven\mavenjars\org\slf4j\log4j-over-slf4j\1.7.25\log4j-over-slf4j-1.7.25.jar;E:\maven\mavenjars\org\springframework\spring-core\4.3.13.RELEASE\spring-core-4.3.13.RELEASE.jar;E:\maven\mavenjars\org\yaml\snakeyaml\1.17\snakeyaml-1.17.jar;E:\maven\mavenjars\org\springframework\boot\spring-boot-starter-web\1.5.9.RELEASE\spring-boot-starter-web-1.5.9.RELEASE.jar;E:\maven\mavenjars\org\springframework\boot\spring-boot-starter-tomcat\1.5.9.RELEASE\spring-boot-starter-tomcat-1.5.9.RELEASE.jar;E:\maven\mavenjars\org\apache\tomcat\embed\tomcat-embed-core\8.5.23\tomcat-embed-core-8.5.23.jar;E:\maven\mavenjars\org\apache\tomcat\tomcat-annotations-api\8.5.23\tomcat-annotations-api-8.5.23.jar;E:\maven\mavenjars\org\apache\tomcat\embed\tomcat-embed-el\8.5.23\tomcat-embed-el-8.5.23.jar;E:\maven\mavenjars\org\apache\tomcat\embed\tomcat-embed-websocket\8.5.23\tomcat-embed-websocket-8.5.23.jar;E:\maven\mavenjars\org\hibernate\hibernate-validator\5.3.6.Final\hibernate-validator-5.3.6.Final.jar;E:\maven\mavenjars\javax\validation\validation-api\1.1.0.Final\validation-api-1.1.0.Final.jar;E:\maven\mavenjars\org\jboss\logging\jboss-logging\3.3.1.Final\jboss-logging-3.3.1.Final.jar;E:\maven\mavenjars\com\fasterxml\classmate\1.3.4\classmate-1.3.4.jar;E:\maven\mavenjars\com\fasterxml\jackson\core\jackson-databind\2.8.10\jackson-databind-2.8.10.jar;E:\maven\mavenjars\com\fasterxml\jackson\core\jackson-annotations\2.8.0\jackson-annotations-2.8.0.jar;E:\maven\mavenjars\com\fasterxml\jackson\core\jackson-core\2.8.10\jackson-core-2.8.10.jar;E:\maven\mavenjars\org\springframework\spring-web\4.3.13.RELEASE\spring-web-4.3.13.RELEASE.jar;E:\maven\mavenjars\org\springframework\spring-aop\4.3.13.RELEASE\spring-aop-4.3.13.RELEASE.jar;E:\maven\mavenjars\org\springframework\spring-beans\4.3.13.RELEASE\spring-beans-4.3.13.RELEASE.jar;E:\maven\mavenjars\org\springframework\spring-webmvc\4.3.13.RELEASE\spring-webmvc-4.3.13.RELEASE.jar;E:\maven\mavenjars\org\springframework\spring-expression\4.3.13.RELEASE\spring-expression-4.3.13.RELEASE.jar;E:\maven\mavenjars\org\springframework\boot\spring-boot-starter-test\1.5.9.RELEASE\spring-boot-starter-test-1.5.9.RELEASE.jar;E:\maven\mavenjars\org\springframework\boot\spring-boot-test\1.5.9.RELEASE\spring-boot-test-1.5.9.RELEASE.jar;E:\maven\mavenjars\org\springframework\boot\spring-boot-test-autoconfigure\1.5.9.RELEASE\spring-boot-test-autoconfigure-1.5.9.RELEASE.jar;E:\maven\mavenjars\com\jayway\jsonpath\json-path\2.2.0\json-path-2.2.0.jar;E:\maven\mavenjars\net\minidev\json-smart\2.2.1\json-smart-2.2.1.jar;E:\maven\mavenjars\net\minidev\accessors-smart\1.1\accessors-smart-1.1.jar;E:\maven\mavenjars\org\ow2\asm\asm\5.0.3\asm-5.0.3.jar;E:\maven\mavenjars\org\slf4j\slf4j-api\1.7.25\slf4j-api-1.7.25.jar;E:\maven\mavenjars\org\assertj\assertj-core\2.6.0\assertj-core-2.6.0.jar;E:\maven\mavenjars\org\mockito\mockito-core\1.10.19\mockito-core-1.10.19.jar;E:\maven\mavenjars\org\objenesis\objenesis\2.1\objenesis-2.1.jar;E:\maven\mavenjars\org\hamcrest\hamcrest-library\1.3\hamcrest-library-1.3.jar;E:\maven\mavenjars\org\skyscreamer\jsonassert\1.4.0\jsonassert-1.4.0.jar;E:\maven\mavenjars\com\vaadin\external\google\android-json\0.0.20131108.vaadin1\android-json-0.0.20131108.vaadin1.jar;E:\maven\mavenjars\org\springframework\spring-test\4.3.13.RELEASE\spring-test-4.3.13.RELEASE.jar;E:\maven\mavenjars\org\mybatis\mybatis\3.3.0\mybatis-3.3.0.jar;E:\maven\mavenjars\mysql\mysql-connector-java\5.1.29\mysql-connector-java-5.1.29.jar;E:\maven\mavenjars\com\guoqiang\common-lib\1.0\common-lib-1.0.jar;E:\maven\mavenjars\commons-httpclient\commons-httpclient\3.1\commons-httpclient-3.1.jar;E:\maven\mavenjars\commons-codec\commons-codec\1.10\commons-codec-1.10.jar;E:\maven\mavenjars\commons-logging\commons-logging\1.1.1\commons-logging-1.1.1.jar;E:\maven\mavenjars\commons-lang\commons-lang\2.6\commons-lang-2.6.jar;E:\maven\mavenjars\org\apache\commons\commons-lang3\3.1\commons-lang3-3.1.jar;E:\maven\mavenjars\dom4j\dom4j\1.6.1\dom4j-1.6.1.jar;E:\maven\mavenjars\log4j\log4j\1.2.17\log4j-1.2.17.jar;E:\maven\mavenjars\com\google\guava\guava\19.0\guava-19.0.jar;E:\maven\mavenjars\com\google\code\gson\gson\2.8.2\gson-2.8.2.jar;E:\maven\mavenjars\org\apache\poi\poi\3.14\poi-3.14.jar;E:\maven\mavenjars\org\apache\poi\poi-ooxml\3.14\poi-ooxml-3.14.jar;E:\maven\mavenjars\org\apache\poi\poi-ooxml-schemas\3.14\poi-ooxml-schemas-3.14.jar;E:\maven\mavenjars\org\apache\xmlbeans\xmlbeans\2.6.0\xmlbeans-2.6.0.jar;E:\maven\mavenjars\stax\stax-api\1.0.1\stax-api-1.0.1.jar;E:\maven\mavenjars\com\github\virtuald\curvesapi\1.03\curvesapi-1.03.jar;E:\maven\mavenjars\commons-beanutils\commons-beanutils\1.9.3\commons-beanutils-1.9.3.jar;E:\maven\mavenjars\commons-collections\commons-collections\3.2.2\commons-collections-3.2.2.jar;E:\maven\mavenjars\org\apache\ant\ant\1.9.4\ant-1.9.4.jar;E:\maven\mavenjars\org\apache\ant\ant-launcher\1.9.4\ant-launcher-1.9.4.jar;E:\maven\mavenjars\org\apache\shiro\shiro-core\1.2.1\shiro-core-1.2.1.jar;"/>
    <property name="java.runtime.version" value="1.7.0_80-b15"/>
    <property name="java.vendor" value="Oracle Corporation"/>
    <property name="sun.management.compiler" value="HotSpot 64-Bit Tiered Compilers"/>
    <property name="sun.arch.data.model" value="64"/>
    <property name="os.arch" value="amd64"/>
    <property name="sun.io.unicode.encoding" value="UnicodeLittle"/>
    <property name="java.awt.printerjob" value="sun.awt.windows.WPrinterJob"/>
    <property name="path.separator" value=";"/>
    <property name="java.runtime.name" value="Java(TM) SE Runtime Environment"/>
    <property name="java.vendor.url" value="http://java.oracle.com/"/>
    <property name="sun.boot.class.path" value="E:\Program Files\Java\jdk1.7.0_80\jre\lib\resources.jar;E:\Program Files\Java\jdk1.7.0_80\jre\lib\rt.jar;E:\Program Files\Java\jdk1.7.0_80\jre\lib\sunrsasign.jar;E:\Program Files\Java\jdk1.7.0_80\jre\lib\jsse.jar;E:\Program Files\Java\jdk1.7.0_80\jre\lib\jce.jar;E:\Program Files\Java\jdk1.7.0_80\jre\lib\charsets.jar;E:\Program Files\Java\jdk1.7.0_80\jre\lib\jfr.jar;E:\Program Files\Java\jdk1.7.0_80\jre\classes"/>
    <property name="surefire.real.class.path" value="C:\Users\zgq\AppData\Local\Temp\surefire7904922799887793802\surefirebooter7139187059451510630.jar"/>
    <property name="java.endorsed.dirs" value="E:\Program Files\Java\jdk1.7.0_80\jre\lib\endorsed"/>
    <property name="sun.desktop" value="windows"/>
    <property name="idea.version" value="2018.1.4"/>
    <property name="java.vm.version" value="24.80-b11"/>
    <property name="os.name" value="Windows 8.1"/>
    <property name="java.vm.specification.version" value="1.7"/>
    <property name="sun.cpu.isalist" value="amd64"/>
    <property name="java.version" value="1.7.0_80"/>
    <property name="java.vm.specification.name" value="Java Virtual Machine Specification"/>
    <property name="java.ext.dirs" value="E:\Program Files\Java\jdk1.7.0_80\jre\lib\ext;C:\WINDOWS\Sun\Java\lib\ext"/>
    <property name="os.version" value="6.3"/>
    <property name="basedir" value="D:\我的项目\CapriciousShop\4代码\rxd-dataserver"/>
    <property name="java.library.path" value="E:\Program Files\Java\jdk1.7.0_80\jre\bin;C:\WINDOWS\Sun\Java\bin;C:\WINDOWS\system32;C:\WINDOWS;E:\Program Files\Java\jdk1.7.0_80\bin;E:\Program Files\Java\jdk1.7.0_80\jre\bin;C:\Program Files (x86)\Intel\iCLS Client\;C:\Program Files\Intel\iCLS Client\;C:\Windows\system32;C:\Windows;C:\Windows\System32\Wbem;C:\Windows\System32\WindowsPowerShell\v1.0\;C:\Program Files (x86)\NVIDIA Corporation\PhysX\Common;C:\Program Files (x86)\Intel\Intel(R) Management Engine Components\DAL;C:\Program Files\Intel\Intel(R) Management Engine Components\DAL;C:\Program Files (x86)\Intel\Intel(R) Management Engine Components\IPT;C:\Program Files\Intel\Intel(R) Management Engine Components\IPT;E:\Program Files\TortoiseSVN\bin;E:\Program Files\Mysql\MySQL Server 5.6\bin;E:\Program Files (x86)\CodeSmith\v6.5\;C:\Program Files\dotnet\;C:\Program Files\Microsoft SQL Server\130\Tools\Binn\;C:\WINDOWS\system32;C:\WINDOWS;C:\WINDOWS\System32\Wbem;C:\WINDOWS\System32\WindowsPowerShell\v1.0\;C:\Program Files\TortoiseSVN\bin;E:\java\apache-maven-3.1.1\bin;E:\Program Files\Git\cmd;E:\Program Files\Python\Python36-32;C:\ProgramData\chocolatey\bin;E:\Program Files\nodejs\;C:\WINDOWS\System32\OpenSSH\;C:\Users\zgq\AppData\Local\Microsoft\WindowsApps;C:\Users\zgq\AppData\Roaming\npm;E:\Program Files\Microsoft VS Code\bin;;."/>
    <property name="java.awt.graphicsenv" value="sun.awt.Win32GraphicsEnvironment"/>
    <property name="java.vm.name" value="Java HotSpot(TM) 64-Bit Server VM"/>
    <property name="user.country" value="CN"/>
  </properties>
  <testcase name="shouldAnswerWithTrue" classname="com.guoqiang.rxddataserver.AppTest" time="0.002"/>
</testsuite>