<?xml version="1.0" encoding="UTF-8"?>
<testsuite xmlns:xsi="http://www.w3.org/2001/XMLSchema-instance" xsi:noNamespaceSchemaLocation="https://maven.apache.org/surefire/maven-surefire-plugin/xsd/surefire-test-report.xsd" name="com.guoqiang.AppTest" time="0.015" tests="1" errors="0" skipped="0" failures="0">
  <properties>
    <property name="user.variant" value=""/>
    <property name="java.vm.info" value="mixed mode"/>
    <property name="file.encoding.pkg" value="sun.io"/>
    <property name="file.encoding" value="GBK"/>
    <property name="java.specification.name" value="Java Platform API Specification"/>
    <property name="sun.os.patch.level" value=""/>
    <property name="user.dir" value="D:\我的项目\CapriciousShop\4代码\rxd-dataserver"/>
    <property name="line.separator" value="&#10;"/>
    <property name="java.home" value="E:\Program Files\Java\jdk1.7.0_80\jre"/>
    <property name="user.name" value="zgq"/>
    <property name="sun.boot.library.path" value="E:\Program Files\Java\jdk1.7.0_80\jre\bin"/>
    <property name="user.home" value="C:\Users\zgq"/>
    <property name="localRepository" value="E:\maven\mavenjars"/>
    <property name="sun.java.launcher" value="SUN_STANDARD"/>
    <property name="java.class.version" value="51.0"/>
    <property name="user.language" value="zh"/>
    <property name="java.vendor.url.bug" value="http://bugreport.sun.com/bugreport/"/>
    <property name="sun.jnu.encoding" value="GBK"/>
    <property name="java.io.tmpdir" value="C:\Users\zgq\AppData\Local\Temp\"/>
    <property name="java.specification.vendor" value="Oracle Corporation"/>
    <property name="file.separator" value="\"/>
    <property name="java.class.path" value="D:\我的项目\CapriciousShop\4代码\rxd-dataserver\target\test-classes;D:\我的项目\CapriciousShop\4代码\rxd-dataserver\target\classes;E:\maven\mavenjars\junit\junit\4.11\junit-4.11.jar;E:\maven\mavenjars\org\hamcrest\hamcrest-core\1.3\hamcrest-core-1.3.jar;"/>
    <property name="java.vm.vendor" value="Oracle Corporation"/>
    <property name="sun.cpu.endian" value="little"/>
    <property name="java.vm.specification.vendor" value="Oracle Corporation"/>
    <property name="java.specification.version" value="1.7"/>
    <property name="user.script" value=""/>
    <property name="awt.toolkit" value="sun.awt.windows.WToolkit"/>
    <property name="sun.java.command" value="C:\Users\zgq\AppData\Local\Temp\surefire873399710166432712\surefirebooter5148430829985182860.jar C:\Users\zgq\AppData\Local\Temp\surefire873399710166432712 2018-06-23T16-48-16_742-jvmRun1 surefire220886584060221337tmp surefire_03144748378448246471tmp"/>
    <property name="user.timezone" value=""/>
    <property name="surefire.test.class.path" value="D:\我的项目\CapriciousShop\4代码\rxd-dataserver\target\test-classes;D:\我的项目\CapriciousShop\4代码\rxd-dataserver\target\classes;E:\maven\mavenjars\junit\junit\4.11\junit-4.11.jar;E:\maven\mavenjars\org\hamcrest\hamcrest-core\1.3\hamcrest-core-1.3.jar;"/>
    <property name="java.runtime.version" value="1.7.0_80-b15"/>
    <property name="java.vendor" value="Oracle Corporation"/>
    <property name="sun.management.compiler" value="HotSpot 64-Bit Tiered Compilers"/>
    <property name="sun.arch.data.model" value="64"/>
    <property name="os.arch" value="amd64"/>
    <property name="sun.io.unicode.encoding" value="UnicodeLittle"/>
    <property name="java.awt.printerjob" value="sun.awt.windows.WPrinterJob"/>
    <property name="path.separator" value=";"/>
    <property name="java.runtime.name" value="Java(TM) SE Runtime Environment"/>
    <property name="java.vendor.url" value="http://java.oracle.com/"/>
    <property name="sun.boot.class.path" value="E:\Program Files\Java\jdk1.7.0_80\jre\lib\resources.jar;E:\Program Files\Java\jdk1.7.0_80\jre\lib\rt.jar;E:\Program Files\Java\jdk1.7.0_80\jre\lib\sunrsasign.jar;E:\Program Files\Java\jdk1.7.0_80\jre\lib\jsse.jar;E:\Program Files\Java\jdk1.7.0_80\jre\lib\jce.jar;E:\Program Files\Java\jdk1.7.0_80\jre\lib\charsets.jar;E:\Program Files\Java\jdk1.7.0_80\jre\lib\jfr.jar;E:\Program Files\Java\jdk1.7.0_80\jre\classes"/>
    <property name="surefire.real.class.path" value="C:\Users\zgq\AppData\Local\Temp\surefire873399710166432712\surefirebooter5148430829985182860.jar"/>
    <property name="java.endorsed.dirs" value="E:\Program Files\Java\jdk1.7.0_80\jre\lib\endorsed"/>
    <property name="sun.desktop" value="windows"/>
    <property name="idea.version" value="2018.1.4"/>
    <property name="java.vm.version" value="24.80-b11"/>
    <property name="os.name" value="Windows 8.1"/>
    <property name="java.vm.specification.version" value="1.7"/>
    <property name="sun.cpu.isalist" value="amd64"/>
    <property name="java.version" value="1.7.0_80"/>
    <property name="java.vm.specification.name" value="Java Virtual Machine Specification"/>
    <property name="java.ext.dirs" value="E:\Program Files\Java\jdk1.7.0_80\jre\lib\ext;C:\WINDOWS\Sun\Java\lib\ext"/>
    <property name="os.version" value="6.3"/>
    <property name="basedir" value="D:\我的项目\CapriciousShop\4代码\rxd-dataserver"/>
    <property name="java.library.path" value="E:\Program Files\Java\jdk1.7.0_80\jre\bin;C:\WINDOWS\Sun\Java\bin;C:\WINDOWS\system32;C:\WINDOWS;E:\Program Files\Java\jdk1.8.0_171\bin;E:\Program Files\Java\jdk1.8.0_171\jre\bin;C:\Program Files (x86)\Intel\iCLS Client\;C:\Program Files\Intel\iCLS Client\;C:\Windows\system32;C:\Windows;C:\Windows\System32\Wbem;C:\Windows\System32\WindowsPowerShell\v1.0\;C:\Program Files (x86)\NVIDIA Corporation\PhysX\Common;C:\Program Files (x86)\Intel\Intel(R) Management Engine Components\DAL;C:\Program Files\Intel\Intel(R) Management Engine Components\DAL;C:\Program Files (x86)\Intel\Intel(R) Management Engine Components\IPT;C:\Program Files\Intel\Intel(R) Management Engine Components\IPT;E:\Program Files\TortoiseSVN\bin;E:\Program Files\Mysql\MySQL Server 5.6\bin;E:\Program Files (x86)\CodeSmith\v6.5\;C:\Program Files\dotnet\;C:\Program Files\Microsoft SQL Server\130\Tools\Binn\;C:\WINDOWS\system32;C:\WINDOWS;C:\WINDOWS\System32\Wbem;C:\WINDOWS\System32\WindowsPowerShell\v1.0\;C:\Program Files\TortoiseSVN\bin;E:\java\apache-maven-3.1.1\bin;E:\Program Files\Git\cmd;E:\Program Files\Python\Python36-32;C:\ProgramData\chocolatey\bin;E:\Program Files\nodejs\;C:\WINDOWS\System32\OpenSSH\;C:\Users\zgq\AppData\Local\Microsoft\WindowsApps;C:\Users\zgq\AppData\Roaming\npm;E:\Program Files\Microsoft VS Code\bin;;."/>
    <property name="java.awt.graphicsenv" value="sun.awt.Win32GraphicsEnvironment"/>
    <property name="java.vm.name" value="Java HotSpot(TM) 64-Bit Server VM"/>
    <property name="user.country" value="CN"/>
  </properties>
  <testcase name="shouldAnswerWithTrue" classname="com.guoqiang.AppTest" time="0.002"/>
</testsuite>